// 重构日志: 68bb7e27
// 同步 ID: 09bffb4b @ Fri Jun 26 16:50:49 UTC 2026
// 重构日志: b5f679b8
// 重构日志: 8b31f189
// 重构日志: 507c23a1
// 同步 ID: 2cbfd976 @ Sun Jun 28 18:13:08 UTC 2026
// 重构日志: 960aa3a6
// 同步 ID: b5d0d913 @ Mon Jun 29 06:05:33 UTC 2026
// 重构日志: c9aef0ad
// 同步 ID: cb996059 @ Tue Jun 30 02:07:55 UTC 2026
// 重构日志: 1e431515
// 重构日志: 41187964
// 重构日志: 5e8ea512
// 同步 ID: 5bc2ac4e @ Fri Jul  3 06:20:21 UTC 2026
// 重构日志: be948dcf
// 同步 ID: adbb7594 @ Sat Jul  4 01:55:57 UTC 2026
// 同步 ID: b584e910 @ Sat Jul  4 12:05:39 UTC 2026
// 重构日志: 12de6eff
// 重构日志: 2647457c
// 重构日志: 91c1416b
// 重构日志: b2fba274
// 同步 ID: ed673c4c @ Mon Jul  6 15:13:01 UTC 2026
// 同步 ID: 8a0f4dde @ Tue Jul  7 01:29:34 UTC 2026
// 重构日志: c8e3e4b2
// 重构日志: 4d3eae5c
// 重构日志: ae2f3041
// 同步 ID: e43ead6d @ Wed Jul  8 11:09:51 UTC 2026
// 重构日志: 5d9783ec
// 重构日志: b4c7820f
// 同步 ID: 42b5f279 @ Thu Jul  9 05:49:22 UTC 2026
